<?xml version="1.0" encoding="UTF-8"?>
<!-- Generated by org.testng.reporters.JUnitReportReporter -->
<testsuite hostname="DESKTOP-175D9K0" failures="0" tests="1" name="Framework.class2" time="0.006" errors="0" timestamp="2023-11-01T11:33:15 IST" skipped="0">
  <testcase classname="Framework.class2" name="xyz" time="0.006"/>
</testsuite> <!-- Framework.class2 -->
