<?xml version="1.0" encoding="UTF-8"?>
<!-- Generated by org.testng.reporters.JUnitReportReporter -->
<testsuite hostname="DESKTOP-175D9K0" failures="0" tests="3" name="Framework.part1" time="0.030" errors="0" timestamp="2023-10-31T11:16:02 IST" skipped="0">
  <testcase classname="Framework.part1" name="openapp" time="0.018"/>
  <testcase classname="Framework.part1" name="login" time="0.006"/>
  <testcase classname="Framework.part1" name="close" time="0.006"/>
</testsuite> <!-- Framework.part1 -->
