<?xml version="1.0" encoding="UTF-8"?>
<!-- Generated by org.testng.reporters.JUnitReportReporter -->
<testsuite hostname="DESKTOP-175D9K0" failures="0" tests="3" name="Framework.test1" time="16.672" errors="0" timestamp="2023-10-31T11:25:11 IST" skipped="0">
  <testcase classname="Framework.test1" name="openapp" time="14.750"/>
  <testcase classname="Framework.test1" name="login" time="1.160"/>
  <testcase classname="Framework.test1" name="close" time="0.762"/>
</testsuite> <!-- Framework.test1 -->
