<?xml version="1.0" encoding="UTF-8"?>
<!-- Generated by org.testng.reporters.JUnitReportReporter -->
<testsuite hostname="DESKTOP-175D9K0" failures="0" tests="1" name="Framework.class1" time="0.013" errors="0" timestamp="2023-11-01T11:33:15 IST" skipped="0">
  <testcase classname="Framework.class1" name="abc" time="0.013"/>
</testsuite> <!-- Framework.class1 -->
