<?xml version="1.0" encoding="UTF-8"?>
<!-- Generated by org.testng.reporters.JUnitReportReporter -->
<testsuite hostname="DESKTOP-175D9K0" failures="0" tests="2" name="Framework.tc1" time="0.042" errors="0" timestamp="2023-11-01T11:09:27 IST" skipped="0">
  <testcase classname="Framework.tc1" name="search" time="0.015"/>
  <testcase classname="Framework.tc1" name="addproduct" time="0.027"/>
</testsuite> <!-- Framework.tc1 -->
